{"/home/pao/test_workflow_360/src/math.js": {"path":"/home/pao/test_workflow_360/src/math.js","statementMap":{"0":{"start":{"line":4,"column":12},"end":{"line":4,"column":27}},"1":{"start":{"line":4,"column":22},"end":{"line":4,"column":27}},"2":{"start":{"line":8,"column":17},"end":{"line":8,"column":32}},"3":{"start":{"line":8,"column":27},"end":{"line":8,"column":32}},"4":{"start":{"line":12,"column":17},"end":{"line":12,"column":32}},"5":{"start":{"line":12,"column":27},"end":{"line":12,"column":32}},"6":{"start":{"line":13,"column":0},"end":{"line":17,"column":2}}},"fnMap":{"0":{"name":"(anonymous_0)","decl":{"start":{"line":4,"column":12},"end":{"line":4,"column":13}},"loc":{"start":{"line":4,"column":22},"end":{"line":4,"column":27}},"line":4},"1":{"name":"(anonymous_1)","decl":{"start":{"line":8,"column":17},"end":{"line":8,"column":18}},"loc":{"start":{"line":8,"column":27},"end":{"line":8,"column":32}},"line":8},"2":{"name":"(anonymous_2)","decl":{"start":{"line":12,"column":17},"end":{"line":12,"column":18}},"loc":{"start":{"line":12,"column":27},"end":{"line":12,"column":32}},"line":12}},"branchMap":{},"s":{"0":1,"1":1,"2":1,"3":1,"4":1,"5":1,"6":1},"f":{"0":1,"1":1,"2":1},"b":{},"_coverageSchema":"1a1c01bbd47fc00a2c39e90264f33305004495a9","hash":"52020ccbc533a0ed26229d08eda73bf695345463"}
}
